--
--  Test mpq datatype
--
-- Compact output
\t
\a
--
-- mpq input and output functions
--
SELECT '0'::mpq;
0
SELECT '1'::mpq;
1
SELECT '-1'::mpq;
-1
SELECT '10'::mpq;
10
SELECT '-10'::mpq;
-10
SELECT '4294967295'::mpq;   -- limbs boundaries
4294967295
SELECT '4294967296'::mpq;
4294967296
SELECT '-4294967296'::mpq;
-4294967296
SELECT '-4294967297'::mpq;
-4294967297
SELECT '18446744073709551614'::mpq;
18446744073709551614
SELECT '18446744073709551615'::mpq;
18446744073709551615
SELECT '18446744073709551616'::mpq;
18446744073709551616
SELECT '18446744073709551617'::mpq;
18446744073709551617
SELECT '-18446744073709551615'::mpq;
-18446744073709551615
SELECT '-18446744073709551616'::mpq;
-18446744073709551616
SELECT '-18446744073709551617'::mpq;
-18446744073709551617
SELECT '-18446744073709551618'::mpq;
-18446744073709551618
SELECT '12345678901234567890123456789012345678901234567890123456789012345678901234567890'::mpq;
12345678901234567890123456789012345678901234567890123456789012345678901234567890
SELECT '1/1'::mpq;
1
SELECT '2/3'::mpq;
2/3
SELECT '640/30'::mpq;
64/3
SELECT '-640/30'::mpq;
-64/3
SELECT '18446744073709551616/18446744073709551616'::mpq;
1
SELECT '12345678901234567890123456789012345678901234567890123456789012345678901234567890/'
       '88888888888888888888888888888888888888888888888888888888888888888888888888888888'::mpq;
617283945/4444444444
SELECT '1/0'::mpq;
ERROR:  denominator can't be zero
LINE 1: SELECT '1/0'::mpq;
               ^
