--
--  Test mpz datatype
--
--
-- first, define the datatype.  Turn off echoing so that expected file
-- does not depend on contents of pgmp.sql.
--
SET client_min_messages = warning;
\set ECHO none
RESET client_min_messages;
--
-- mpz input and output functions
--
SELECT '0'::mpz;
0
SELECT '1'::mpz;
1
SELECT '-1'::mpz;
-1
SELECT '10'::mpz;
10
SELECT '-10'::mpz;
-10
SELECT '000001'::mpz;       -- padding zeros
1
SELECT '-000001'::mpz;
-1
SELECT '4294967295'::mpz;   -- limbs boundaries
4294967295
SELECT '4294967296'::mpz;
4294967296
SELECT '-4294967296'::mpz;
-4294967296
SELECT '-4294967297'::mpz;
-4294967297
SELECT '18446744073709551614'::mpz;
18446744073709551614
SELECT '18446744073709551615'::mpz;
18446744073709551615
SELECT '18446744073709551616'::mpz;
18446744073709551616
SELECT '18446744073709551617'::mpz;
18446744073709551617
SELECT '-18446744073709551615'::mpz;
-18446744073709551615
SELECT '-18446744073709551616'::mpz;
-18446744073709551616
SELECT '-18446744073709551617'::mpz;
-18446744073709551617
SELECT '-18446744073709551618'::mpz;
-18446744073709551618
SELECT '12345678901234567890123456789012345678901234567890123456789012345678901234567890'::mpz;
12345678901234567890123456789012345678901234567890123456789012345678901234567890
--
-- mpz arithmetic
--
SELECT -('0'::mpz), +('0'::mpz), -('1'::mpz), +('1'::mpz);
0|0|-1|1
SELECT -('12345678901234567890'::mpz), +('12345678901234567890'::mpz);
-12345678901234567890|12345678901234567890
SELECT '1'::text::mpz + '2'::text::mpz;
3
SELECT '2'::mpz + '-4'::mpz;
-2
SELECT regexp_matches((
        ('1' || repeat('0', 1000))::mpz +
        ('2' || repeat('0', 1000))::mpz)::text,
    '^3(0000000000){100}$') IS NOT NULL;
t
